{
  "Cucumber Features": {
    "coverage": {
      "/Users/samanthaburak/Documents/bytetrack/app/models/job.rb": {
        "lines": [
          1,
          null
        ]
      },
      "/Users/samanthaburak/Documents/bytetrack/app/controllers/jobs_controller.rb": {
        "lines": [
          1,
          null,
          1,
          13,
          13,
          null,
          null,
          1,
          65,
          null,
          65,
          65,
          65,
          65,
          null,
          65,
          null,
          65,
          65,
          65,
          65,
          null,
          65,
          null,
          65,
          65,
          null,
          65,
          65,
          65,
          null,
          65,
          65,
          null,
          65,
          null,
          65,
          6,
          1,
          1,
          1,
          1,
          null,
          5,
          1,
          1,
          1,
          1,
          null,
          4,
          3,
          3,
          3,
          3,
          null,
          3,
          6,
          6,
          6,
          6,
          null,
          1,
          0,
          0,
          0,
          0,
          null,
          1,
          1,
          1,
          1,
          1,
          null,
          null,
          null,
          null,
          65,
          null,
          null,
          1,
          null,
          null,
          null,
          1,
          19,
          null,
          19,
          6,
          6,
          6,
          6,
          6,
          6,
          null,
          6,
          null,
          null,
          13,
          13,
          null,
          13,
          null,
          null,
          null,
          1,
          13,
          null,
          null,
          1,
          16,
          null,
          16,
          4,
          4,
          4,
          4,
          4,
          4,
          null,
          4,
          null,
          null,
          12,
          12,
          12,
          null,
          null,
          1,
          1,
          1,
          1,
          1,
          null,
          null,
          1,
          null,
          null,
          1,
          347,
          null,
          null,
          1,
          130,
          130,
          130,
          130,
          null,
          130,
          717,
          22,
          22,
          12,
          null,
          null,
          null,
          717,
          16,
          16,
          2,
          null,
          null,
          null,
          null,
          130,
          null,
          null,
          null
        ]
      },
      "/Users/samanthaburak/Documents/bytetrack/app/controllers/application_controller.rb": {
        "lines": [
          1,
          null,
          null,
          1,
          null
        ]
      },
      "/Users/samanthaburak/Documents/bytetrack/app/helpers/application_helper.rb": {
        "lines": [
          1,
          null
        ]
      },
      "/Users/samanthaburak/Documents/bytetrack/app/helpers/jobs_helper.rb": {
        "lines": [
          1,
          null
        ]
      }
    },
    "timestamp": 1699401600
  },
  "RSpec": {
    "coverage": {
      "/Users/samanthaburak/Documents/bytetrack/app/helpers/application_helper.rb": {
        "lines": [
          1,
          null
        ]
      },
      "/Users/samanthaburak/Documents/bytetrack/app/helpers/jobs_helper.rb": {
        "lines": [
          1,
          null
        ]
      },
      "/Users/samanthaburak/Documents/bytetrack/app/controllers/jobs_controller.rb": {
        "lines": [
          1,
          null,
          1,
          1,
          1,
          null,
          null,
          1,
          13,
          null,
          13,
          13,
          13,
          13,
          null,
          13,
          null,
          13,
          13,
          13,
          13,
          null,
          13,
          null,
          13,
          13,
          null,
          13,
          13,
          13,
          null,
          13,
          13,
          null,
          13,
          null,
          13,
          6,
          1,
          1,
          1,
          1,
          null,
          5,
          1,
          1,
          1,
          1,
          null,
          4,
          3,
          1,
          1,
          1,
          null,
          3,
          3,
          1,
          1,
          1,
          null,
          2,
          1,
          1,
          1,
          3,
          null,
          1,
          1,
          1,
          1,
          1,
          null,
          null,
          null,
          null,
          13,
          null,
          null,
          1,
          null,
          null,
          null,
          1,
          3,
          null,
          3,
          2,
          2,
          2,
          2,
          2,
          2,
          null,
          2,
          null,
          null,
          1,
          1,
          null,
          1,
          null,
          null,
          null,
          1,
          1,
          null,
          null,
          1,
          3,
          null,
          3,
          2,
          2,
          2,
          2,
          2,
          2,
          null,
          2,
          null,
          null,
          1,
          1,
          1,
          null,
          null,
          1,
          1,
          1,
          1,
          1,
          null,
          null,
          1,
          null,
          null,
          1,
          59,
          null,
          null,
          1,
          26,
          26,
          26,
          26,
          null,
          26,
          44,
          6,
          6,
          6,
          null,
          null,
          null,
          44,
          4,
          4,
          4,
          null,
          null,
          null,
          null,
          26,
          null,
          null,
          null
        ]
      },
      "/Users/samanthaburak/Documents/bytetrack/app/controllers/application_controller.rb": {
        "lines": [
          1,
          null,
          null,
          1,
          null
        ]
      },
      "/Users/samanthaburak/Documents/bytetrack/app/models/job.rb": {
        "lines": [
          1,
          null
        ]
      }
    },
    "timestamp": 1700784000
  }
}
